<?xml version="1.0" encoding="UTF-8"?>
<!-- Generated by org.testng.reporters.JUnitReportReporter -->
<testsuite hostname="DESKTOP-QUM73G5" failures="1" tests="9" name="regression.InventoryCategoryTest" time="27.598" errors="0" timestamp="02 Jan 2023 15:29:22 GMT" skipped="0">
  <testcase classname="regression.InventoryCategoryTest" name="verifyNewCategoryCanBeAddedOnCategoryPage" time="6.609"/>
  <testcase classname="regression.InventoryCategoryTest" name="verifyCountGetsIncreasedAfterAddingNewCategory" time="0.135"/>
  <testcase classname="regression.InventoryCategoryTest" name="verifyNewlyAddedCategoryIsDisplayedOnCategoryPage" time="1.143"/>
  <testcase classname="regression.InventoryCategoryTest" name="verifyUserCanUpdateExistingCategory" time="1.875"/>
  <testcase classname="regression.InventoryCategoryTest" name="verifyCountWillNotChangeAfterEditingNewCategory" time="0.048"/>
  <testcase classname="regression.InventoryCategoryTest" name="verifyUpdatedCategoryIsDisplayedOnCategoryPage" time="11.681"/>
  <testcase classname="regression.InventoryCategoryTest" name="verifyUserCanDeleteExistingCategoryFromCategoryPage" time="5.318"/>
  <testcase classname="regression.InventoryCategoryTest" name="verifyCountOfRecordsWillGetReducedAfterDeletingCategory" time="0.042"/>
  <testcase classname="regression.InventoryCategoryTest" name="verifyDeletedCategoryIsNotDisplayedOnCategoryPage" time="0.747">
    <failure message="The following asserts failed:
	Deleted category name is still displayed on category page expected [false] but found [true]" type="java.lang.AssertionError">
      <![CDATA[java.lang.AssertionError: The following asserts failed:
Deleted category name is still displayed on category page expected [false] but found [true]
at org.testng.asserts.SoftAssert.assertAll(SoftAssert.java:43)
at regression.InventoryCategoryTest.verifyDeletedCategoryIsNotDisplayedOnCategoryPage(InventoryCategoryTest.java:120)
at java.base/jdk.internal.reflect.NativeMethodAccessorImpl.invoke0(Native Method)
at java.base/jdk.internal.reflect.NativeMethodAccessorImpl.invoke(NativeMethodAccessorImpl.java:77)
at java.base/jdk.internal.reflect.DelegatingMethodAccessorImpl.invoke(DelegatingMethodAccessorImpl.java:43)
at java.base/java.lang.reflect.Method.invoke(Method.java:568)
at org.testng.internal.MethodInvocationHelper.invokeMethod(MethodInvocationHelper.java:124)
at org.testng.internal.Invoker.invokeMethod(Invoker.java:583)
at org.testng.internal.Invoker.invokeTestMethod(Invoker.java:719)
at org.testng.internal.Invoker.invokeTestMethods(Invoker.java:989)
at org.testng.internal.TestMethodWorker.invokeTestMethods(TestMethodWorker.java:125)
at org.testng.internal.TestMethodWorker.run(TestMethodWorker.java:109)
at org.testng.TestRunner.privateRun(TestRunner.java:648)
at org.testng.TestRunner.run(TestRunner.java:505)
at org.testng.SuiteRunner.runTest(SuiteRunner.java:455)
at org.testng.SuiteRunner.runSequentially(SuiteRunner.java:450)
at org.testng.SuiteRunner.privateRun(SuiteRunner.java:415)
at org.testng.SuiteRunner.run(SuiteRunner.java:364)
at org.testng.SuiteRunnerWorker.runSuite(SuiteRunnerWorker.java:52)
at org.testng.SuiteRunnerWorker.run(SuiteRunnerWorker.java:84)
at org.testng.TestNG.runSuitesSequentially(TestNG.java:1208)
at org.testng.TestNG.runSuitesLocally(TestNG.java:1137)
at org.testng.TestNG.runSuites(TestNG.java:1049)
at org.testng.TestNG.run(TestNG.java:1017)
at org.testng.remote.AbstractRemoteTestNG.run(AbstractRemoteTestNG.java:115)
at org.testng.remote.RemoteTestNG.initAndRun(RemoteTestNG.java:251)
at org.testng.remote.RemoteTestNG.main(RemoteTestNG.java:77)
]]>
    </failure>
  </testcase> <!-- verifyDeletedCategoryIsNotDisplayedOnCategoryPage -->
</testsuite> <!-- regression.InventoryCategoryTest -->
